This is LuaHBTeX, Version 1.13.0 (TeX Live 2021)  (format=lualatex 2021.11.4)  26 NOV 2021 20:30
 restricted system commands enabled.
**sparkproject.tex
(./sparkproject.tex
LaTeX2e <2020-10-01> patch level 4
Lua module: luaotfload 2021-01-08 3.17 Lua based OpenType font support
Lua module: lualibs 2020-12-30 2.73 ConTeXt Lua standard libraries.
Lua module: lualibs-extended 2020-12-30 2.73 ConTeXt Lua libraries -- extended c
ollection.
luaotfload | conf : Root cache directory is "/Users/Bram.Vonk/Library/texlive/20
21/texmf-var/luatex-cache/generic/names".
luaotfload | init : Loading fontloader "fontloader-2021-01-07.lua" from kpse-res
olved path "/usr/local/texlive/2021/texmf-dist/tex/luatex/luaotfload/fontloader-
2021-01-07.lua".
Lua-only attribute luaotfload@noligature = 1
Lua-only attribute luaotfload@syllabe = 2
luaotfload | init : Context OpenType loader version 0x1.8e76c8b439581p+1
Inserting `luaotfload.node_processor' at position 1 in `pre_linebreak_filter'.
Inserting `luaotfload.node_processor' at position 1 in `hpack_filter'.
Inserting `luaotfload.glyph_stream' at position 1 in `glyph_stream_provider'.
Inserting `luaotfload.define_font' at position 1 in `define_font'.
Lua-only attribute luaotfload_color_attribute = 3
luaotfload | conf : Root cache directory is "/Users/Bram.Vonk/Library/texlive/20
21/texmf-var/luatex-cache/generic/names".
Inserting `luaotfload.harf.strip_prefix' at position 1 in `find_opentype_file'.
Inserting `luaotfload.harf.strip_prefix' at position 1 in `find_truetype_file'.
Inserting `luaotfload.harf.finalize_vlist' at position 1 in `post_linebreak_filt
er'.
Inserting `luaotfload.harf.finalize_hlist' at position 2 in `hpack_filter'.
Inserting `luaotfload.cleanup_files' at position 1 in `wrapup_run'.
Inserting `luaotfload.harf.finalize_unicode' at position 1 in `finish_pdffile'.
Inserting `luaotfload.glyphinfo' at position 1 in `glyph_info'.
Inserting `luaotfload.aux.set_sscale_dimens' at position 1 in `luaotfload.patch_
font'.
Inserting `luaotfload.aux.set_font_index' at position 2 in `luaotfload.patch_fon
t'.
Inserting `luaotfload.aux.patch_cambria_domh' at position 3 in `luaotfload.patch
_font'.
Inserting `luaotfload.aux.fixup_fontdata' at position 1 in `luaotfload.patch_fon
t_unsafe'.
Inserting `luaotfload.aux.set_capheight' at position 4 in `luaotfload.patch_font
'.
Inserting `luaotfload.aux.set_xheight' at position 5 in `luaotfload.patch_font'.
Inserting `luaotfload.rewrite_fontname' at position 6 in `luaotfload.patch_font'
. L3 programming layer <2021-02-18>
(/usr/local/texlive/2021/texmf-dist/tex/generic/luatex85/luatex85.sty
Package: luatex85 2016/06/15 v1.4 pdftex aliases for luatex
)
(./sphinxmanual.cls
Document Class: sphinxmanual 2019/12/01 v2.3.0 Document class (Sphinx manual)
(/usr/local/texlive/2021/texmf-dist/tex/latex/base/report.cls
Document Class: report 2020/04/10 v1.4m Standard LaTeX document class
(/usr/local/texlive/2021/texmf-dist/tex/latex/base/size10.clo
File: size10.clo 2020/04/10 v1.4m Standard LaTeX file (size option)
luaotfload | db : Font names database loaded from /Users/Bram.Vonk/Library/texli
ve/2021/texmf-var/luatex-cache/generic/names/luaotfload-names.luc)
\c@part=\count175
\c@chapter=\count176
\c@section=\count177
\c@subsection=\count178
\c@subsubsection=\count179
\c@paragraph=\count180
\c@subparagraph=\count181
\c@figure=\count182
\c@table=\count183
\abovecaptionskip=\skip47
\belowcaptionskip=\skip48
\bibindent=\dimen138
)
LaTeX Info: Redefining \and on input line 35.
)
(/usr/local/texlive/2021/texmf-dist/tex/latex/cmap/cmap.sty
Package: cmap 2021/02/06 v1.0j CMap support: searchable PDF
)
(/usr/local/texlive/2021/texmf-dist/tex/latex/fontspec/fontspec.sty
(/usr/local/texlive/2021/texmf-dist/tex/latex/l3packages/xparse/xparse.sty
(/usr/local/texlive/2021/texmf-dist/tex/latex/l3kernel/expl3.sty
Package: expl3 2021-02-18 L3 programming layer (loader) 

(/usr/local/texlive/2021/texmf-dist/tex/latex/l3backend/l3backend-luatex.def
File: l3backend-luatex.def 2021-03-18 L3 backend support: PDF output (LuaTeX)
\l__color_backend_stack_int=\count184
\l__pdf_internal_box=\box47
))
(/usr/local/texlive/2021/texmf-dist/tex/latex/l3packages/xparse/xparse-2020-10-
01.sty
(/usr/local/texlive/2021/texmf-dist/tex/latex/l3packages/xparse/xparse-generic.
tex)))
Package: fontspec 2020/02/21 v2.7i Font selection for XeLaTeX and LuaLaTeX
Lua module: fontspec 2020/02/21 2.7i Font selection for XeLaTeX and LuaLaTeX
(/usr/local/texlive/2021/texmf-dist/tex/latex/fontspec/fontspec-luatex.sty
Package: fontspec-luatex 2020/02/21 v2.7i Font selection for XeLaTeX and LuaLaT
eX
\l__fontspec_script_int=\count185
\l__fontspec_language_int=\count186
\l__fontspec_strnum_int=\count187
\l__fontspec_tmp_int=\count188
\l__fontspec_tmpa_int=\count189
\l__fontspec_tmpb_int=\count190
\l__fontspec_tmpc_int=\count191
\l__fontspec_em_int=\count192
\l__fontspec_emdef_int=\count193
\l__fontspec_strong_int=\count194
\l__fontspec_strongdef_int=\count195
\l__fontspec_tmpa_dim=\dimen139
\l__fontspec_tmpb_dim=\dimen140
\l__fontspec_tmpc_dim=\dimen141

(/usr/local/texlive/2021/texmf-dist/tex/latex/base/fontenc.sty
Package: fontenc 2020/08/10 v2.0s Standard LaTeX package
)
(/usr/local/texlive/2021/texmf-dist/tex/latex/fontspec/fontspec.cfg)))
(/usr/local/texlive/2021/texmf-dist/tex/latex/amsmath/amsmath.sty
Package: amsmath 2020/09/23 v2.17i AMS math features
\@mathmargin=\skip49

For additional information on amsmath, use the `?' option.
(/usr/local/texlive/2021/texmf-dist/tex/latex/amsmath/amstext.sty
Package: amstext 2000/06/29 v2.01 AMS text

(/usr/local/texlive/2021/texmf-dist/tex/latex/amsmath/amsgen.sty
File: amsgen.sty 1999/11/30 v2.0 generic functions
\@emptytoks=\toks15
\ex@=\dimen142
))
(/usr/local/texlive/2021/texmf-dist/tex/latex/amsmath/amsbsy.sty
Package: amsbsy 1999/11/29 v1.2d Bold Symbols
\pmbraise@=\dimen143
)
(/usr/local/texlive/2021/texmf-dist/tex/latex/amsmath/amsopn.sty
Package: amsopn 2016/03/08 v2.02 operator names
)
\inf@bad=\count196
LaTeX Info: Redefining \frac on input line 236.
\uproot@=\count197
\leftroot@=\count198
LaTeX Info: Redefining \overline on input line 399.
\classnum@=\count199
\DOTSCASE@=\count266
LaTeX Info: Redefining \ldots on input line 496.
LaTeX Info: Redefining \dots on input line 499.
LaTeX Info: Redefining \cdots on input line 620.
\Mathstrutbox@=\box48
\strutbox@=\box49
\big@size=\dimen144
LaTeX Font Info:    Redeclaring font encoding OML on input line 743.
LaTeX Font Info:    Redeclaring font encoding OMS on input line 744.
\macc@depth=\count267
\c@MaxMatrixCols=\count268
\dotsspace@=\muskip16
\c@parentequation=\count269
\dspbrk@lvl=\count270
\tag@help=\toks16
\row@=\count271
\column@=\count272
\maxfields@=\count273
\andhelp@=\toks17
\eqnshift@=\dimen145
\alignsep@=\dimen146
\tagshift@=\dimen147
\tagwidth@=\dimen148
\totwidth@=\dimen149
\lineht@=\dimen150
\@envbody=\toks18
\multlinegap=\skip50
\multlinetaggap=\skip51
\mathdisplay@stack=\toks19
LaTeX Info: Redefining \[ on input line 2923.
LaTeX Info: Redefining \] on input line 2924.
)
(/usr/local/texlive/2021/texmf-dist/tex/latex/amsfonts/amssymb.sty
Package: amssymb 2013/01/14 v3.01 AMS font symbols

(/usr/local/texlive/2021/texmf-dist/tex/latex/amsfonts/amsfonts.sty
Package: amsfonts 2013/01/14 v3.01 Basic AMSFonts support
\symAMSa=\mathgroup4
\symAMSb=\mathgroup5
LaTeX Font Info:    Redeclaring math symbol \hbar on input line 98.
LaTeX Font Info:    Overwriting math alphabet `\mathfrak' in version `bold'
(Font)                  U/euf/m/n --> U/euf/b/n on input line 106.
))
(/usr/local/texlive/2021/texmf-dist/tex/latex/polyglossia/polyglossia.sty
Package: polyglossia 2021/03/16 v1.52 Modern multilingual typesetting with XeLa
TeX and LuaLaTeX

(/usr/local/texlive/2021/texmf-dist/tex/latex/etoolbox/etoolbox.sty
Package: etoolbox 2020/10/05 v2.5k e-TeX tools for LaTeX (JAW)
\etb@tempcnta=\count274
)
(/usr/local/texlive/2021/texmf-dist/tex/latex/makecmds/makecmds.sty
Package: makecmds 2009/09/03 v1.0a extra command making commands
)
(/usr/local/texlive/2021/texmf-dist/tex/latex/xkeyval/xkeyval.sty
Package: xkeyval 2020/11/20 v2.8 package option processing (HA)

(/usr/local/texlive/2021/texmf-dist/tex/generic/xkeyval/xkeyval.tex
(/usr/local/texlive/2021/texmf-dist/tex/generic/xkeyval/xkvutils.tex
\XKV@toks=\toks20
\XKV@tempa@toks=\toks21

(/usr/local/texlive/2021/texmf-dist/tex/generic/xkeyval/keyval.tex))
\XKV@depth=\count275
File: xkeyval.tex 2014/12/03 v2.7a key=value parser (HA)
))
(/usr/local/texlive/2021/texmf-dist/tex/generic/iftex/iftex.sty
Package: iftex 2020/03/06 v1.0d TeX engine tests
)
(/usr/local/texlive/2021/texmf-dist/tex/latex/l3packages/l3keys2e/l3keys2e.sty
Package: l3keys2e 2021-03-12 LaTeX2e option processing using LaTeX3 keys
) (/usr/local/texlive/2021/texmf-dist/tex/luatex/luatexbase/luatexbase.sty
Package: luatexbase 2015/10/04 v1.3 luatexbase interface to LuaTeX 

(/usr/local/texlive/2021/texmf-dist/tex/luatex/ctablestack/ctablestack.sty
Package: ctablestack 2015/10/01 v1.0 Catcode table stable support
\@catcodetablestackcnt=\count276
)
\CatcodeTableOther=\catcodetable12
\CatcodeTableExpl=\catcodetable13
)
Lua module: polyglossia 2013/05/11 1.3 Polyglossia
(/usr/local/texlive/2021/texmf-dist/tex/latex/polyglossia/gloss-latex.ldf
File: gloss-latex.ldf polyglossia: module for default language
The property list \polyglossia@langsetup contains the pairs (without outer
braces):
>  {latex/script}  =>  {latin}
>  {latex/lcscript}  =>  {latin}
>  {latex/scripttag}  =>  {}
>  {latex/language}  =>  {Latex}
>  {latex/langtag}  =>  {ENG}
>  {latex/bcp47}  =>  {}
>  {latex/hyphennames}  =>  {english}
>  {latex/direction}  =>  {LR}
>  {latex/hyphenmins}  =>  {2,3}
>  {latex/frenchspacing}  =>  {false}
>  {latex/indentfirst}  =>  {false}
>  {latex/fontsetup}  =>  {true}
>  {latex/envname}  =>  {latex}
>  {latex/babelname}  =>  {latex}
>  {latex/localnumeral}  =>  {polyglossia@C@localnumeral}
>  {latex/Localnumeral}  =>  {polyglossia@C@localnumeral}.
)
Package polyglossia Info: Default language is latex.
Package polyglossia Info: Setting LuaTeX font renderer to Harfbuzz.
)
(/usr/local/texlive/2021/texmf-dist/tex/latex/polyglossia/gloss-english.ldf
File: gloss-english.ldf polyglossia: module for english
The property list \polyglossia@langsetup contains the pairs (without outer
braces):
>  {latex/script}  =>  {latin}
>  {latex/lcscript}  =>  {latin}
>  {latex/scripttag}  =>  {}
>  {latex/language}  =>  {Latex}
>  {latex/langtag}  =>  {ENG}
>  {latex/bcp47}  =>  {}
>  {latex/hyphennames}  =>  {english}
>  {latex/direction}  =>  {LR}
>  {latex/hyphenmins}  =>  {2,3}
>  {latex/frenchspacing}  =>  {false}
>  {latex/indentfirst}  =>  {false}
>  {latex/fontsetup}  =>  {true}
>  {latex/envname}  =>  {latex}
>  {latex/babelname}  =>  {latex}
>  {latex/localnumeral}  =>  {polyglossia@C@localnumeral}
>  {latex/Localnumeral}  =>  {polyglossia@C@localnumeral}
>  {english/script}  =>  {latin}
>  {english/lcscript}  =>  {latin}
>  {english/scripttag}  =>  {}
>  {english/language}  =>  {English}
>  {english/langtag}  =>  {ENG}
>  {english/bcp47}  =>  {en-US}
>  {english/hyphennames}  =>  {english,american,usenglish,USenglish}
>  {english/direction}  =>  {LR}
>  {english/hyphenmins}  =>  {2,3}
>  {english/frenchspacing}  =>  {false}
>  {english/indentfirst}  =>  {false}
>  {english/fontsetup}  =>  {true}
>  {english/envname}  =>  {english}
>  {english/babelname}  =>  {english}
>  {english/localnumeral}  =>  {polyglossia@C@localnumeral}
>  {english/Localnumeral}  =>  {polyglossia@C@localnumeral}.
Package polyglossia Info: Option: English, variant=american.
)
Package polyglossia Info: Default language is english.

Package fontspec Info: Font family 'FreeSerif(0)' created for font 'FreeSerif'
(fontspec)             with options [Renderer=Harfbuzz,Extension =
(fontspec)             .otf,UprightFont = *,ItalicFont = *Italic,BoldFont =
(fontspec)             *Bold,BoldItalicFont = *BoldItalic].
(fontspec)              
(fontspec)              This font family consists of the following NFSS
(fontspec)             series/shapes:
(fontspec)              
(fontspec)             - 'normal' (m/n) with NFSS spec.:
(fontspec)             <->"[FreeSerif.otf]:mode=harf;script=latn;language=dflt;
"
(fontspec)             - 'small caps'  (m/sc) with NFSS spec.:
(fontspec)             <->"[FreeSerif.otf]:mode=harf;script=latn;language=dflt;
+smcp;"
(fontspec)             - 'bold' (b/n) with NFSS spec.:
(fontspec)             <->"[FreeSerifBold.otf]:mode=harf;script=latn;language=d
flt;"
(fontspec)             - 'bold small caps'  (b/sc) with NFSS spec.:
(fontspec)             <->"[FreeSerifBold.otf]:mode=harf;script=latn;language=d
flt;+smcp;"
(fontspec)             - 'italic' (m/it) with NFSS spec.:
(fontspec)             <->"[FreeSerifItalic.otf]:mode=harf;script=latn;language
=dflt;"
(fontspec)             - 'italic small caps'  (m/scit) with NFSS spec.: 
(fontspec)             - 'bold italic' (b/it) with NFSS spec.:
(fontspec)             <->"[FreeSerifBoldItalic.otf]:mode=harf;script=latn;lang
uage=dflt;"
(fontspec)             - 'bold italic small caps'  (b/scit) with NFSS spec.: 


Package fontspec Info: Font family 'FreeSans(0)' created for font 'FreeSans'
(fontspec)             with options [Renderer=Harfbuzz,Extension =
(fontspec)             .otf,UprightFont = *,ItalicFont = *Oblique,BoldFont =
(fontspec)             *Bold,BoldItalicFont = *BoldOblique].
(fontspec)              
(fontspec)              This font family consists of the following NFSS
(fontspec)             series/shapes:
(fontspec)              
(fontspec)             - 'normal' (m/n) with NFSS spec.:
(fontspec)             <->"[FreeSans.otf]:mode=harf;script=latn;language=dflt;"

(fontspec)             - 'small caps'  (m/sc) with NFSS spec.:
(fontspec)             <->"[FreeSans.otf]:mode=harf;script=latn;language=dflt;+
smcp;"
(fontspec)             - 'bold' (b/n) with NFSS spec.:
(fontspec)             <->"[FreeSansBold.otf]:mode=harf;script=latn;language=df
lt;"
(fontspec)             - 'bold small caps'  (b/sc) with NFSS spec.:
(fontspec)             <->"[FreeSansBold.otf]:mode=harf;script=latn;language=df
lt;+smcp;"
(fontspec)             - 'italic' (m/it) with NFSS spec.:
(fontspec)             <->"[FreeSansOblique.otf]:mode=harf;script=latn;language
=dflt;"
(fontspec)             - 'italic small caps'  (m/scit) with NFSS spec.: 
(fontspec)             - 'bold italic' (b/it) with NFSS spec.:
(fontspec)             <->"[FreeSansBoldOblique.otf]:mode=harf;script=latn;lang
uage=dflt;"
(fontspec)             - 'bold italic small caps'  (b/scit) with NFSS spec.: 


Package fontspec Info: Font family 'FreeMono(0)' created for font 'FreeMono'
(fontspec)             with options [Renderer=Harfbuzz,Extension =
(fontspec)             .otf,UprightFont = *,ItalicFont = *Oblique,BoldFont =
(fontspec)             *Bold,BoldItalicFont = *BoldOblique].
(fontspec)              
(fontspec)              This font family consists of the following NFSS
(fontspec)             series/shapes:
(fontspec)              
(fontspec)             - 'normal' (m/n) with NFSS spec.:
(fontspec)             <->"[FreeMono.otf]:mode=harf;script=latn;language=dflt;"

(fontspec)             - 'small caps'  (m/sc) with NFSS spec.: 
(fontspec)             - 'bold' (b/n) with NFSS spec.:
(fontspec)             <->"[FreeMonoBold.otf]:mode=harf;script=latn;language=df
lt;"
(fontspec)             - 'bold small caps'  (b/sc) with NFSS spec.: 
(fontspec)             - 'italic' (m/it) with NFSS spec.:
(fontspec)             <->"[FreeMonoOblique.otf]:mode=harf;script=latn;language
=dflt;"
(fontspec)             - 'italic small caps'  (m/scit) with NFSS spec.: 
(fontspec)             - 'bold italic' (b/it) with NFSS spec.:
(fontspec)             <->"[FreeMonoBoldOblique.otf]:mode=harf;script=latn;lang
uage=dflt;"
(fontspec)             - 'bold italic small caps'  (b/scit) with NFSS spec.: 


(/usr/local/texlive/2021/texmf-dist/tex/latex/fncychap/fncychap.sty
Package: fncychap 2007/07/30 v1.34 LaTeX package (Revised chapters)
\RW=\skip52
\mylen=\skip53
\myhi=\skip54
\px=\skip55
\py=\skip56
\pyy=\skip57
\pxx=\skip58
\c@AlphaCnt=\count277
\c@AlphaDecCnt=\count278
)
(./sphinx.sty
Package: sphinx 2019/09/02 v2.3.0 LaTeX package (Sphinx markup)

(/usr/local/texlive/2021/texmf-dist/tex/generic/ltxcmds/ltxcmds.sty
Package: ltxcmds 2020-05-10 v1.25 LaTeX kernel commands for general use (HO)
)
(/usr/local/texlive/2021/texmf-dist/tex/latex/graphics/graphicx.sty
Package: graphicx 2020/09/09 v1.2b Enhanced LaTeX Graphics (DPC,SPQR)

(/usr/local/texlive/2021/texmf-dist/tex/latex/graphics/graphics.sty
Package: graphics 2020/08/30 v1.4c Standard LaTeX Graphics (DPC,SPQR)

(/usr/local/texlive/2021/texmf-dist/tex/latex/graphics/trig.sty
Package: trig 2016/01/03 v1.10 sin cos tan (DPC)
)
(/usr/local/texlive/2021/texmf-dist/tex/latex/graphics-cfg/graphics.cfg
File: graphics.cfg 2016/06/04 v1.11 sample graphics configuration
)
Package graphics Info: Driver file: luatex.def on input line 105.

(/usr/local/texlive/2021/texmf-dist/tex/latex/graphics-def/luatex.def
File: luatex.def 2020/10/05 v1.2a Graphics/color driver for luatex
))
\Gin@req@height=\dimen151
\Gin@req@width=\dimen152
)
(/usr/local/texlive/2021/texmf-dist/tex/latex/fancyhdr/fancyhdr.sty
Package: fancyhdr 2021/01/28 v4.0.1 Extensive control of page headers and foote
rs
\f@nch@headwidth=\skip59
\f@nch@O@elh=\skip60
\f@nch@O@erh=\skip61
\f@nch@O@olh=\skip62
\f@nch@O@orh=\skip63
\f@nch@O@elf=\skip64
\f@nch@O@erf=\skip65
\f@nch@O@olf=\skip66
\f@nch@O@orf=\skip67
)
(/usr/local/texlive/2021/texmf-dist/tex/latex/base/textcomp.sty
Package: textcomp 2020/02/02 v2.0n Standard LaTeX package
)
(/usr/local/texlive/2021/texmf-dist/tex/latex/titlesec/titlesec.sty
Package: titlesec 2019/10/16 v2.13 Sectioning titles
\ttl@box=\box50
\beforetitleunit=\skip68
\aftertitleunit=\skip69
\ttl@plus=\dimen153
\ttl@minus=\dimen154
\ttl@toksa=\toks22
\titlewidth=\dimen155
\titlewidthlast=\dimen156
\titlewidthfirst=\dimen157
)
(/usr/local/texlive/2021/texmf-dist/tex/latex/tabulary/tabulary.sty
Package: tabulary 2014/06/11 v0.10 tabulary package (DPC)

(/usr/local/texlive/2021/texmf-dist/tex/latex/tools/array.sty
Package: array 2020/10/01 v2.5c Tabular extension package (FMi)
\col@sep=\dimen158
\ar@mcellbox=\box51
\extrarowheight=\dimen159
\NC@list=\toks23
\extratabsurround=\skip70
\backup@length=\skip71
\ar@cellbox=\box52
)
\TY@count=\count279
\TY@linewidth=\dimen160
\tymin=\dimen161
\tymax=\dimen162
\TY@tablewidth=\dimen163
)
(/usr/local/texlive/2021/texmf-dist/tex/latex/tools/longtable.sty
Package: longtable 2020/01/07 v4.13 Multi-page Table package (DPC)
\LTleft=\skip72
\LTright=\skip73
\LTpre=\skip74
\LTpost=\skip75
\LTchunksize=\count280
\LTcapwidth=\dimen164
\LT@head=\box53
\LT@firsthead=\box54
\LT@foot=\box55
\LT@lastfoot=\box56
\LT@cols=\count281
\LT@rows=\count282
\c@LT@tables=\count283
\c@LT@chunks=\count284
\LT@p@ftn=\toks24
)
(/usr/local/texlive/2021/texmf-dist/tex/latex/varwidth/varwidth.sty
Package: varwidth 2009/03/30 ver 0.92;  Variable-width minipages
\@vwid@box=\box57
\sift@deathcycles=\count285
\@vwid@loff=\dimen165
\@vwid@roff=\dimen166
)
(./sphinxmulticell.sty
Package: sphinxmulticell 2017/02/23 v1.6 better span rows and columns of a tabl
e (Sphinx team)
\sphinx@TY@tablewidth=\dimen167
)
(/usr/local/texlive/2021/texmf-dist/tex/latex/base/makeidx.sty
Package: makeidx 2014/09/29 v1.0m Standard LaTeX package
)
(/usr/local/texlive/2021/texmf-dist/tex/latex/framed/framed.sty
Package: framed 2011/10/22 v 0.96: framed or shaded text with page breaks
\OuterFrameSep=\skip76
\fb@frw=\dimen168
\fb@frh=\dimen169
\FrameRule=\dimen170
\FrameSep=\dimen171
)
(/usr/local/texlive/2021/texmf-dist/tex/latex/xcolor/xcolor.sty
Package: xcolor 2016/05/11 v2.12 LaTeX color extensions (UK)

(/usr/local/texlive/2021/texmf-dist/tex/latex/graphics-cfg/color.cfg
File: color.cfg 2016/01/02 v1.6 sample color configuration
)
Package xcolor Info: Driver file: luatex.def on input line 225.
Package xcolor Info: Model `cmy' substituted by `cmy0' on input line 1348.
Package xcolor Info: Model `hsb' substituted by `rgb' on input line 1352.
Package xcolor Info: Model `RGB' extended on input line 1364.
Package xcolor Info: Model `HTML' substituted by `rgb' on input line 1366.
Package xcolor Info: Model `Hsb' substituted by `hsb' on input line 1367.
Package xcolor Info: Model `tHsb' substituted by `hsb' on input line 1368.
Package xcolor Info: Model `HSB' substituted by `hsb' on input line 1369.
Package xcolor Info: Model `Gray' substituted by `gray' on input line 1370.
Package xcolor Info: Model `wave' substituted by `hsb' on input line 1371.
)
(/usr/local/texlive/2021/texmf-dist/tex/latex/fancyvrb/fancyvrb.sty
Package: fancyvrb 2021/01/20 v3.7 verbatim text (tvz,hv)
\FV@CodeLineNo=\count286
\FV@InFile=\read2
\FV@TabBox=\box58
\c@FancyVerbLine=\count287
\FV@StepNumber=\count288
\FV@OutFile=\write3
)
(./footnotehyper-sphinx.sty
Package: footnotehyper-sphinx 2017/10/27 v1.7 hyperref aware footnote.sty for s
phinx (JFB)
\FNH@notes=\box59
\FNH@width=\dimen172
)
(/usr/local/texlive/2021/texmf-dist/tex/latex/float/float.sty
Package: float 2001/11/08 v1.3d Float enhancements (AL)
\c@float@type=\count289
\float@exts=\toks25
\float@box=\box60
\@float@everytoks=\toks26
\@floatcapt=\box61
)
(/usr/local/texlive/2021/texmf-dist/tex/latex/wrapfig/wrapfig.sty
\wrapoverhang=\dimen173
\WF@size=\dimen174
\c@WF@wrappedlines=\count290
\WF@box=\box62
\WF@everypar=\toks27
Package: wrapfig 2003/01/31  v 3.6
)
(/usr/local/texlive/2021/texmf-dist/tex/latex/parskip/parskip.sty
Rollback for package 'parskip' requested -> version 'v1'.
         This corresponds to the release introduced on 2001-04-09.

(/usr/local/texlive/2021/texmf-dist/tex/latex/parskip/parskip-2001-04-09.sty
Package: parskip 2001/04/09 non-zero parskip adjustments
))
(/usr/local/texlive/2021/texmf-dist/tex/latex/base/alltt.sty
Package: alltt 1997/06/16 v2.0g defines alltt environment
)
(/usr/local/texlive/2021/texmf-dist/tex/latex/upquote/upquote.sty
Package: upquote 2012/04/19 v1.3 upright-quote and grave-accent glyphs in verba
tim
)
(/usr/local/texlive/2021/texmf-dist/tex/latex/capt-of/capt-of.sty
Package: capt-of 2009/12/29 v0.2 standard captions outside of floats
)
(/usr/local/texlive/2021/texmf-dist/tex/latex/needspace/needspace.sty
Package: needspace 2010/09/12 v1.3d reserve vertical space
)
(./sphinxhighlight.sty
Package: sphinxhighlight 2016/05/29 stylesheet for highlighting with pygments
)
(/usr/local/texlive/2021/texmf-dist/tex/latex/kvoptions/kvoptions.sty
Package: kvoptions 2020-10-07 v3.14 Key value format for package options (HO)

(/usr/local/texlive/2021/texmf-dist/tex/generic/kvsetkeys/kvsetkeys.sty
Package: kvsetkeys 2019/12/15 v1.18 Key value parser (HO)
))
\sphinxverbatimsep=\dimen175
\sphinxverbatimborder=\dimen176
\sphinxshadowsep=\dimen177
\sphinxshadowsize=\dimen178
\sphinxshadowrule=\dimen179
\spx@notice@border=\dimen180
\spx@image@maxheight=\dimen181
\spx@image@box=\dimen182
\c@literalblock=\count291
\sphinxcontinuationbox=\box63
\sphinxvisiblespacebox=\box64
\sphinxVerbatim@TitleBox=\box65
\sphinxVerbatim@ContentsBox=\box66
\py@argswidth=\skip77
\lineblockindentation=\skip78
\DUlineblockindent=\skip79
)
(/usr/local/texlive/2021/texmf-dist/tex/latex/geometry/geometry.sty
Package: geometry 2020/01/02 v5.9 Page Geometry

(/usr/local/texlive/2021/texmf-dist/tex/generic/iftex/ifvtex.sty
Package: ifvtex 2019/10/25 v1.7 ifvtex legacy package. Use iftex instead.
)
\Gm@cnth=\count292
\Gm@cntv=\count293
\c@Gm@tempcnt=\count294
\Gm@bindingoffset=\dimen183
\Gm@wd@mp=\dimen184
\Gm@odd@mp=\dimen185
\Gm@even@mp=\dimen186
\Gm@layoutwidth=\dimen187
\Gm@layoutheight=\dimen188
\Gm@layouthoffset=\dimen189
\Gm@layoutvoffset=\dimen190
\Gm@dimlist=\toks28
)
(/usr/local/texlive/2021/texmf-dist/tex/latex/hyperref/hyperref.sty
Package: hyperref 2021-02-27 v7.00k Hypertext links for LaTeX

(/usr/local/texlive/2021/texmf-dist/tex/generic/pdftexcmds/pdftexcmds.sty
Package: pdftexcmds 2020-06-27 v0.33 Utility functions of pdfTeX for LuaTeX (HO
)

(/usr/local/texlive/2021/texmf-dist/tex/generic/infwarerr/infwarerr.sty
Package: infwarerr 2019/12/03 v1.5 Providing info/warning/error messages (HO)
)
Package pdftexcmds Info: \pdf@primitive is available.
Package pdftexcmds Info: \pdf@ifprimitive is available.
Package pdftexcmds Info: \pdfdraftmode found.
\pdftexcmds@toks=\toks29
)
(/usr/local/texlive/2021/texmf-dist/tex/generic/kvdefinekeys/kvdefinekeys.sty
Package: kvdefinekeys 2019-12-19 v1.6 Define keys (HO)
)
(/usr/local/texlive/2021/texmf-dist/tex/generic/pdfescape/pdfescape.sty
Package: pdfescape 2019/12/09 v1.15 Implements pdfTeX's escape features (HO)
)
(/usr/local/texlive/2021/texmf-dist/tex/latex/hycolor/hycolor.sty
Package: hycolor 2020-01-27 v1.10 Color options for hyperref/bookmark (HO)
)
(/usr/local/texlive/2021/texmf-dist/tex/latex/letltxmacro/letltxmacro.sty
Package: letltxmacro 2019/12/03 v1.6 Let assignment for LaTeX macros (HO)
)
(/usr/local/texlive/2021/texmf-dist/tex/latex/auxhook/auxhook.sty
Package: auxhook 2019-12-17 v1.6 Hooks for auxiliary files (HO)
)
\@linkdim=\dimen191
\Hy@linkcounter=\count295
\Hy@pagecounter=\count296

(/usr/local/texlive/2021/texmf-dist/tex/latex/hyperref/pd1enc.def
File: pd1enc.def 2021-02-27 v7.00k Hyperref: PDFDocEncoding definition (HO)
)
(/usr/local/texlive/2021/texmf-dist/tex/latex/hyperref/hyperref-langpatches.def
File: hyperref-langpatches.def 2021-02-27 v7.00k Hyperref: patches for babel la
nguages
) (/usr/local/texlive/2021/texmf-dist/tex/generic/intcalc/intcalc.sty
Package: intcalc 2019/12/15 v1.3 Expandable calculations with integers (HO)
)
(/usr/local/texlive/2021/texmf-dist/tex/generic/etexcmds/etexcmds.sty
Package: etexcmds 2019/12/15 v1.7 Avoid name clashes with e-TeX commands (HO)
)
\Hy@SavedSpaceFactor=\count297

(/usr/local/texlive/2021/texmf-dist/tex/latex/hyperref/puenc.def
File: puenc.def 2021-02-27 v7.00k Hyperref: PDF Unicode definition (HO)
)
\pdfmajorversion=\count298
Package hyperref Info: Option `hyperindex' set `false' on input line 4073.
Package hyperref Info: Option `unicode' set `true' on input line 4073.
Package hyperref Info: Option `colorlinks' set `true' on input line 4073.
Package hyperref Info: Option `breaklinks' set `true' on input line 4073.
Package hyperref Info: Hyper figures OFF on input line 4192.
Package hyperref Info: Link nesting OFF on input line 4197.
Package hyperref Info: Hyper index OFF on input line 4202.
Package hyperref Info: Plain pages OFF on input line 4207.
Package hyperref Info: Backreferencing OFF on input line 4212.
Package hyperref Info: Implicit mode ON; LaTeX internals redefined.
Package hyperref Info: Bookmarks ON on input line 4445.
\c@Hy@tempcnt=\count299

(/usr/local/texlive/2021/texmf-dist/tex/latex/url/url.sty
\Urlmuskip=\muskip17
Package: url 2013/09/16  ver 3.4  Verb mode for urls, etc.
)
LaTeX Info: Redefining \url on input line 4804.
\XeTeXLinkMargin=\dimen192

(/usr/local/texlive/2021/texmf-dist/tex/generic/bitset/bitset.sty
Package: bitset 2019/12/09 v1.3 Handle bit-vector datatype (HO)

(/usr/local/texlive/2021/texmf-dist/tex/generic/bigintcalc/bigintcalc.sty
Package: bigintcalc 2019/12/15 v1.5 Expandable calculations on big integers (HO
)
))
\Fld@menulength=\count300
\Field@Width=\dimen193
\Fld@charsize=\dimen194
Package hyperref Info: Hyper figures OFF on input line 6075.
Package hyperref Info: Link nesting OFF on input line 6080.
Package hyperref Info: Hyper index OFF on input line 6085.
Package hyperref Info: backreferencing OFF on input line 6090.
Package hyperref Info: Link coloring ON on input line 6093.
Package hyperref Info: Link coloring with OCG OFF on input line 6100.
Package hyperref Info: PDF/A mode OFF on input line 6105.
LaTeX Info: Redefining \ref on input line 6145.
LaTeX Info: Redefining \pageref on input line 6149.

(/usr/local/texlive/2021/texmf-dist/tex/latex/base/atbegshi-ltx.sty
Package: atbegshi-ltx 2020/08/17 v1.0a Emulation of the original atbegshi packa
ge
with kernel methods
)
\Hy@abspage=\count301
\c@Item=\count302
\c@Hfootnote=\count303
)
Package hyperref Info: Driver (autodetected): hluatex.

(/usr/local/texlive/2021/texmf-dist/tex/latex/hyperref/hluatex.def
File: hluatex.def 2021-02-27 v7.00k Hyperref driver for luaTeX

(/usr/local/texlive/2021/texmf-dist/tex/generic/stringenc/stringenc.sty
Package: stringenc 2019/11/29 v1.12 Convert strings between diff. encodings (HO
)
)
(/usr/local/texlive/2021/texmf-dist/tex/latex/base/atveryend-ltx.sty
Package: atveryend-ltx 2020/08/19 v1.0a Emulation of the original atvery packag
e
with kernel methods
)
\Fld@listcount=\count304
\c@bookmark@seq@number=\count305

(/usr/local/texlive/2021/texmf-dist/tex/latex/rerunfilecheck/rerunfilecheck.sty
Package: rerunfilecheck 2019/12/05 v1.9 Rerun checks for auxiliary files (HO)

(/usr/local/texlive/2021/texmf-dist/tex/generic/uniquecounter/uniquecounter.sty
Package: uniquecounter 2019/12/15 v1.4 Provide unlimited unique counter (HO)
)
Package uniquecounter Info: New unique counter `rerunfilecheck' on input line 2
86.
)
\Hy@SectionHShift=\skip80
) (/usr/local/texlive/2021/texmf-dist/tex/latex/oberdiek/hypcap.sty
Package: hypcap 2016/05/16 v1.12 Adjusting the anchors of captions (HO)
)
(./sphinxmessages.sty
Package: sphinxmessages 2019/01/04 v2.0 Localized LaTeX macros (Sphinx team)
)
\nbsphinxpromptbox=\box67
\nbsphinxcodecellspacing=\skip81
\nbsphinxbox=\box68
\nbsphinx@image@maxheight=\dimen195
\@indexfile=\write4

\openout4 = sparkproject.idx

Writing index file sparkproject.idx
(./sparkproject.aux
LaTeX Info: Redefining \rmfamily on input line 19.
LaTeX Info: Redefining \sffamily on input line 19.
LaTeX Info: Redefining \ttfamily on input line 19.
)
\openout1 = sparkproject.aux

LaTeX Font Info:    Checking defaults for OML/cmm/m/it on input line 221.
LaTeX Font Info:    ... okay on input line 221.
LaTeX Font Info:    Checking defaults for OMS/cmsy/m/n on input line 221.
LaTeX Font Info:    ... okay on input line 221.
LaTeX Font Info:    Checking defaults for OT1/cmr/m/n on input line 221.
LaTeX Font Info:    ... okay on input line 221.
LaTeX Font Info:    Checking defaults for T1/cmr/m/n on input line 221.
LaTeX Font Info:    ... okay on input line 221.
LaTeX Font Info:    Checking defaults for TS1/cmr/m/n on input line 221.
LaTeX Font Info:    Trying to load font information for TS1+cmr on input line 2
21.

(/usr/local/texlive/2021/texmf-dist/tex/latex/base/ts1cmr.fd
File: ts1cmr.fd 2019/12/16 v2.5j Standard LaTeX font definitions
)
LaTeX Font Info:    ... okay on input line 221.
LaTeX Font Info:    Checking defaults for TU/lmr/m/n on input line 221.
LaTeX Font Info:    ... okay on input line 221.
LaTeX Font Info:    Checking defaults for OMX/cmex/m/n on input line 221.
LaTeX Font Info:    ... okay on input line 221.
LaTeX Font Info:    Checking defaults for U/cmr/m/n on input line 221.
LaTeX Font Info:    ... okay on input line 221.
LaTeX Font Info:    Checking defaults for PD1/pdf/m/n on input line 221.
LaTeX Font Info:    ... okay on input line 221.
LaTeX Font Info:    Checking defaults for PU/pdf/m/n on input line 221.
LaTeX Font Info:    ... okay on input line 221.

Package fontspec Info: Adjusting the maths setup (use [no-math] to avoid
(fontspec)             this).

\symlegacymaths=\mathgroup6
LaTeX Font Info:    Overwriting symbol font `legacymaths' in version `bold'
(Font)                  OT1/cmr/m/n --> OT1/cmr/bx/n on input line 221.
LaTeX Font Info:    Redeclaring math accent \acute on input line 221.
LaTeX Font Info:    Redeclaring math accent \grave on input line 221.
LaTeX Font Info:    Redeclaring math accent \ddot on input line 221.
LaTeX Font Info:    Redeclaring math accent \tilde on input line 221.
LaTeX Font Info:    Redeclaring math accent \bar on input line 221.
LaTeX Font Info:    Redeclaring math accent \breve on input line 221.
LaTeX Font Info:    Redeclaring math accent \check on input line 221.
LaTeX Font Info:    Redeclaring math accent \hat on input line 221.
LaTeX Font Info:    Redeclaring math accent \dot on input line 221.
LaTeX Font Info:    Redeclaring math accent \mathring on input line 221.
LaTeX Font Info:    Redeclaring math symbol \Gamma on input line 221.
LaTeX Font Info:    Redeclaring math symbol \Delta on input line 221.
LaTeX Font Info:    Redeclaring math symbol \Theta on input line 221.
LaTeX Font Info:    Redeclaring math symbol \Lambda on input line 221.
LaTeX Font Info:    Redeclaring math symbol \Xi on input line 221.
LaTeX Font Info:    Redeclaring math symbol \Pi on input line 221.
LaTeX Font Info:    Redeclaring math symbol \Sigma on input line 221.
LaTeX Font Info:    Redeclaring math symbol \Upsilon on input line 221.
LaTeX Font Info:    Redeclaring math symbol \Phi on input line 221.
LaTeX Font Info:    Redeclaring math symbol \Psi on input line 221.
LaTeX Font Info:    Redeclaring math symbol \Omega on input line 221.
LaTeX Font Info:    Redeclaring math symbol \mathdollar on input line 221.
LaTeX Font Info:    Redeclaring symbol font `operators' on input line 221.
LaTeX Font Info:    Encoding `OT1' has changed to `TU' for symbol font
(Font)              `operators' in the math version `normal' on input line 221.

LaTeX Font Info:    Overwriting symbol font `operators' in version `normal'
(Font)                  OT1/cmr/m/n --> TU/FreeSerif(0)/m/n on input line 221.
LaTeX Font Info:    Encoding `OT1' has changed to `TU' for symbol font
(Font)              `operators' in the math version `bold' on input line 221.
LaTeX Font Info:    Overwriting symbol font `operators' in version `bold'
(Font)                  OT1/cmr/bx/n --> TU/FreeSerif(0)/m/n on input line 221.

LaTeX Font Info:    Overwriting symbol font `operators' in version `normal'
(Font)                  TU/FreeSerif(0)/m/n --> TU/FreeSerif(0)/m/n on input li
ne 221.
LaTeX Font Info:    Overwriting math alphabet `\mathit' in version `normal'
(Font)                  OT1/cmr/m/it --> TU/FreeSerif(0)/m/it on input line 221
.
LaTeX Font Info:    Overwriting math alphabet `\mathbf' in version `normal'
(Font)                  OT1/cmr/bx/n --> TU/FreeSerif(0)/b/n on input line 221.

LaTeX Font Info:    Overwriting math alphabet `\mathsf' in version `normal'
(Font)                  OT1/cmss/m/n --> TU/FreeSans(0)/m/n on input line 221.
LaTeX Font Info:    Overwriting math alphabet `\mathtt' in version `normal'
(Font)                  OT1/cmtt/m/n --> TU/FreeMono(0)/m/n on input line 221.
LaTeX Font Info:    Overwriting symbol font `operators' in version `bold'
(Font)                  TU/FreeSerif(0)/m/n --> TU/FreeSerif(0)/b/n on input li
ne 221.
LaTeX Font Info:    Overwriting math alphabet `\mathit' in version `bold'
(Font)                  OT1/cmr/bx/it --> TU/FreeSerif(0)/b/it on input line 22
1.
LaTeX Font Info:    Overwriting math alphabet `\mathsf' in version `bold'
(Font)                  OT1/cmss/bx/n --> TU/FreeSans(0)/b/n on input line 221.

LaTeX Font Info:    Overwriting math alphabet `\mathtt' in version `bold'
(Font)                  OT1/cmtt/m/n --> TU/FreeMono(0)/b/n on input line 221.

(/usr/local/texlive/2021/texmf-dist/tex/context/base/mkii/supp-pdf.mkii
[Loading MPS to PDF converter (version 2006.09.02).]
\scratchcounter=\count306
\scratchdimen=\dimen196
\scratchbox=\box69
\nofMPsegments=\count307
\nofMParguments=\count308
\everyMPshowfont=\toks30
\MPscratchCnt=\count309
\MPscratchDim=\dimen197
\MPnumerator=\count310
\makeMPintoPDFobject=\count311
\everyMPtoPDFconversion=\toks31
) (/usr/local/texlive/2021/texmf-dist/tex/latex/epstopdf-pkg/epstopdf-base.sty
Package: epstopdf-base 2020-01-24 v2.11 Base part for package epstopdf
Package epstopdf-base Info: Redefining graphics rule for `.eps' on input line 4
85.

(/usr/local/texlive/2021/texmf-dist/tex/latex/latexconfig/epstopdf-sys.cfg
File: epstopdf-sys.cfg 2010/07/13 v1.3 Configuration of (r)epstopdf for TeX Liv
e
))
*geometry* driver: auto-detecting
*geometry* detected driver: luatex
*geometry* verbose mode - [ preamble ] result:
* driver: luatex
* paper: letterpaper
* layout: <same size as paper>
* layoutoffset:(h,v)=(0.0pt,0.0pt)
* modes: twoside 
* h-part:(L,W,R)=(72.26999pt, 469.75502pt, 72.26999pt)
* v-part:(T,H,B)=(72.26999pt, 650.43001pt, 72.26999pt)
* \paperwidth=614.295pt
* \paperheight=794.96999pt
* \textwidth=469.75502pt
* \textheight=650.43001pt
* \oddsidemargin=0.0pt
* \evensidemargin=0.0pt
* \topmargin=-37.0pt
* \headheight=12.0pt
* \headsep=25.0pt
* \topskip=10.0pt
* \footskip=30.0pt
* \marginparwidth=36.135pt
* \marginparsep=11.0pt
* \columnsep=10.0pt
* \skip\footins=9.0pt plus 4.0pt minus 2.0pt
* \hoffset=0.0pt
* \voffset=0.0pt
* \mag=1000
* \@twocolumnfalse
* \@twosidetrue
* \@mparswitchtrue
* \@reversemarginfalse
* (1in=72.27pt=25.4mm, 1cm=28.453pt)

Package hyperref Info: Link coloring ON on input line 221.
(/usr/local/texlive/2021/texmf-dist/tex/latex/hyperref/nameref.sty
Package: nameref 2021-04-02 v2.47 Cross-referencing by name of section

(/usr/local/texlive/2021/texmf-dist/tex/latex/refcount/refcount.sty
Package: refcount 2019/12/15 v3.6 Data extraction from label references (HO)
)
(/usr/local/texlive/2021/texmf-dist/tex/generic/gettitlestring/gettitlestring.s
ty
Package: gettitlestring 2019/12/15 v1.6 Cleanup title references (HO)
)
\c@section@level=\count312
)
LaTeX Info: Redefining \ref on input line 221.
LaTeX Info: Redefining \pageref on input line 221.
LaTeX Info: Redefining \nameref on input line 221.
 (./sparkproject.out) (./sparkproject.out)
\@outlinefile=\write5

\openout5 = sparkproject.out
LaTeX Info: Redefining \rmfamily on input line 221.
LaTeX Info: Redefining \sffamily on input line 221.
LaTeX Info: Redefining \ttfamily on input line 221.
Package hyperref Info: Option `pageanchor' set `false' on input line 224.
<<oml.cmap>><<oms.cmap>><<omx.cmap>>
LaTeX Font Info:    Trying to load font information for U+msa on input line 224
.
 (/usr/local/texlive/2021/texmf-dist/tex/latex/amsfonts/umsa.fd
File: umsa.fd 2013/01/14 v3.01 AMS symbols A
)
LaTeX Font Info:    Trying to load font information for U+msb on input line 224
.

(/usr/local/texlive/2021/texmf-dist/tex/latex/amsfonts/umsb.fd
File: umsb.fd 2013/01/14 v3.01 AMS symbols B
)<<ot1.cmap>>
[1

{/usr/local/texlive/2021/texmf-var/fonts/map/pdftex/updmap/pdftex.map}]
[2


] (./sparkproject.toc
LaTeX Info: Redefining \rmfamily on input line 1.
LaTeX Info: Redefining \sffamily on input line 1.
LaTeX Info: Redefining \ttfamily on input line 1.
 [1

])
\tf@toc=\write6

\openout6 = sparkproject.toc
 [2]
<spark_logo.png, id=247, 472.6458pt x 351.2322pt>
File: spark_logo.png Graphic file (type png)
<use spark_logo.png>
Package luatex.def Info: spark_logo.png  used on input line 231.
(luatex.def)             Requested size: 301.12305pt x 223.77492pt.
 [1

<./spark_logo.png>] [2

]
Chapter 1.
<jads_logo.png, id=258, 404.51125pt x 125.46875pt>
File: jads_logo.png Graphic file (type png)
<use jads_logo.png>
Package luatex.def Info: jads_logo.png  used on input line 247.
(luatex.def)             Requested size: 301.12305pt x 93.40253pt.
<enexis_logo.png, id=260, 284.06125pt x 142.5325pt>
File: enexis_logo.png Graphic file (type png)
<use enexis_logo.png>
Package luatex.def Info: enexis_logo.png  used on input line 254.
(luatex.def)             Requested size: 301.12305pt x 151.10764pt.

Overfull \hbox (2.98407pt too wide) in paragraph at lines 2--258
[][][]\TU/FreeSerif(0)/m/n/10 Enexis[][] is reg-u-lated re-gional dis-tri-bu-tio
n net-work op-er-a-tor (DNO) in the Nether-lands, re-spon-siblesi-ble for trans-
port-ing elec-tric-ity
 []

[3<./jads_logo.png><./enexis_logo.png>]
<autumn_spring_load.png, id=268, 378.213pt x 327.186pt>
File: autumn_spring_load.png Graphic file (type png)
<use autumn_spring_load.png>
Package luatex.def Info: autumn_spring_load.png  used on input line 271.
(luatex.def)             Requested size: 301.12305pt x 260.51102pt.
<crisp_dm.png, id=270, 721.605pt x 413.472pt>
File: crisp_dm.png Graphic file (type png)
<use crisp_dm.png>
Package luatex.def Info: crisp_dm.png  used on input line 279.
(luatex.def)             Requested size: 469.75339pt x 269.17632pt.
 [4<./autumn_spring_load.png>] [5<./crisp_dm.png>] [6

]
Chapter 2.
<pv_cbs.png, id=287, 1204.5pt x 903.375pt>
File: pv_cbs.png Graphic file (type png)
<use pv_cbs.png>
Package luatex.def Info: pv_cbs.png  used on input line 325.
(luatex.def)             Requested size: 301.12305pt x 225.8432pt.
[7]
<ev_rvo.png, id=296, 679.53876pt x 473.77pt>
File: ev_rvo.png Graphic file (type png)
<use ev_rvo.png>
Package luatex.def Info: ev_rvo.png  used on input line 329.
(luatex.def)             Requested size: 301.12305pt x 209.94142pt.
<hp_cbs.png, id=298, 686.565pt x 411.5375pt>
File: hp_cbs.png Graphic file (type png)
<use hp_cbs.png>
Package luatex.def Info: hp_cbs.png  used on input line 333.
(luatex.def)             Requested size: 301.12305pt x 180.49306pt.
 [8<./pv_cbs.png><./ev_rvo.png>] [9<./hp_cbs.png>]
<value_flow_down.png, id=316, 763.653pt x 433.62pt>
File: value_flow_down.png Graphic file (type png)
<use value_flow_down.png>
Package luatex.def Info: value_flow_down.png  used on input line 382.
(luatex.def)             Requested size: 469.76616pt x 266.75742pt.
 [10<./value_flow_down.png>] [11]
<stakeholders.png, id=332, 644.298pt x 234.768pt>
File: stakeholders.png Graphic file (type png)
<use stakeholders.png>
Package luatex.def Info: stakeholders.png  used on input line 476.
(luatex.def)             Requested size: 451.68457pt x 164.58722pt.

Overfull \hbox (15.99164pt too wide) in paragraph at lines 526--527
[]\TU/FreeSerif(0)/m/n/10 De-ployableploy-able: The tool has to be able to go in
 pro-duc-tion ac-cord-ing to the Enexis stan-dards (Test-Acceptance-Production).
 
 []

[12<./stakeholders.png>]
Overfull \hbox (364.49812pt too wide) in paragraph at lines 551--551
[]
 []


Underfull \hbox (badness 10000) in paragraph at lines 551--551

 []


Overfull \hbox (347.5183pt too wide) in paragraph at lines 560--560
[]
 []


Underfull \hbox (badness 10000) in paragraph at lines 560--560

 []

<process_steps.png, id=340, 921.333pt x 234.768pt>
File: process_steps.png Graphic file (type png)
<use process_steps.png>
Package luatex.def Info: process_steps.png  used on input line 611.
(luatex.def)             Requested size: 469.76114pt x 119.69785pt.
[13] [14<./process_steps.png>]
Chapter 3.

Underfull \hbox (badness 10000) in paragraph at lines 752--754
[]|\TU/FreeSerif(0)/m/n/10 CDWH_5_INF_MEET-DATA_E View:
 []

[15

]
<dq_completeness.jpeg, id=365, 754.82pt x 466.74374pt>
File: dq_completeness.jpeg Graphic file (type jpg)
<use dq_completeness.jpeg>
Package luatex.def Info: dq_completeness.jpeg  used on input line 851.
(luatex.def)             Requested size: 469.7573pt x 290.48203pt.
 [16]
<dq_outlier.png, id=373, 725.71124pt x 278.03876pt>
File: dq_outlier.png Graphic file (type png)
<use dq_outlier.png>
Package luatex.def Info: dq_outlier.png  used on input line 862.
(luatex.def)             Requested size: 469.76886pt x 179.9806pt.
 [17<./dq_completeness.jpeg><./dq_outlier.png>] [18

]
Chapter 4.
<process_data_preparation.png, id=384, 326.091pt x 194.691pt>
File: process_data_preparation.png Graphic file (type png)
<use process_data_preparation.png>
Package luatex.def Info: process_data_preparation.png  used on input line 873.
(luatex.def)             Requested size: 315.22318pt x 188.2019pt.
[19<./process_data_preparation.png>] [20]
<loaded_extremes.png, id=420, 655.44875pt x 303.1325pt>
File: loaded_extremes.png Graphic file (type png)
<use loaded_extremes.png>
Package luatex.def Info: loaded_extremes.png  used on input line 1038.
(luatex.def)             Requested size: 469.75244pt x 217.25613pt.

Underfull \hbox (badness 10000) in paragraph at lines 1047--1049
[]\TU/FreeSerif(0)/m/n/10 By run-ning [][]\TU/FreeMono(0)/m/it/10 src.preprocess
.update_extremes()[][] \TU/FreeSerif(0)/m/n/10 the func-tion [][]\TU/FreeMono(0
)/m/it/10 src.utils.snowflake.
 []

<preprocessing_details.png, id=423, 372.3pt x 466.689pt>
File: preprocessing_details.png Graphic file (type png)
<use preprocessing_details.png>
Package luatex.def Info: preprocessing_details.png  used on input line 1050.
(luatex.def)             Requested size: 301.12305pt x 377.48193pt.
[21<./loaded_extremes.png>] [22<./preprocessing_details.png>]
Chapter 5.
File: autumn_spring_load.png Graphic file (type png)
<use autumn_spring_load.png>
Package luatex.def Info: autumn_spring_load.png  used on input line 1064.
(luatex.def)             Requested size: 301.12305pt x 260.51102pt.
[23

]
<process_modeling.png, id=447, 471.726pt x 235.863pt>
File: process_modeling.png Graphic file (type png)
<use process_modeling.png>
Package luatex.def Info: process_modeling.png  used on input line 1088.
(luatex.def)             Requested size: 376.40237pt x 188.2019pt.
 [24<./process_modeling.png>]
<train_test.png, id=467, 604.221pt x 165.564pt>
File: train_test.png Graphic file (type png)
<use train_test.png>
Package luatex.def Info: train_test.png  used on input line 1118.
(luatex.def)             Requested size: 419.75258pt x 115.01736pt.
 [25<./train_test.png>]
<graph_model.png, id=491, 530.98375pt x 384.43625pt>
File: graph_model.png Graphic file (type png)
<use graph_model.png>
Package luatex.def Info: graph_model.png  used on input line 1195.
(luatex.def)             Requested size: 419.76424pt x 303.93007pt.
 [26]
Underfull \hbox (badness 10000) in paragraph at lines 1211--1213
[]\TU/FreeSerif(0)/m/n/10 From the pos-te-rior sam-ples, the quan-tile bands are
 de-ter-mined (\TU/FreeMono(0)/m/n/10 src.forecast.format.
 []

<data_stored.png, id=503, 733.74126pt x 298.11375pt>
File: data_stored.png Graphic file (type png)
<use data_stored.png>
Package luatex.def Info: data_stored.png  used on input line 1218.
(luatex.def)             Requested size: 419.75952pt x 170.55434pt.
[27<./graph_model.png>]
<additive_model.png, id=513, 750.805pt x 278.03876pt>
File: additive_model.png Graphic file (type png)
<use additive_model.png>
Package luatex.def Info: additive_model.png  used on input line 1278.
(luatex.def)             Requested size: 419.76054pt x 155.45456pt.
 [28<./data_stored.png>] [29<./additive_model.png>]
[30

]
Chapter 6.
<missing_data_results.png, id=535, 584.1825pt x 361.35pt>
File: missing_data_results.png Graphic file (type png)
<use missing_data_results.png>
Package luatex.def Info: missing_data_results.png  used on input line 1342.
(luatex.def)             Requested size: 419.76425pt x 259.67004pt.
[31]
<validation.png, id=541, 1180.41pt x 557.08125pt>
File: validation.png Graphic file (type png)
<use validation.png>
Package luatex.def Info: validation.png  used on input line 1362.
(luatex.def)             Requested size: 419.74193pt x 198.10098pt.
 [32<./missing_data_results.png>] [33<./validation.png>]
<ordered_transformers.png, id=558, 214.8025pt x 419.5675pt>
File: ordered_transformers.png Graphic file (type png)
<use ordered_transformers.png>
Package luatex.def Info: ordered_transformers.png  used on input line 1445.
(luatex.def)             Requested size: 225.84229pt x 441.14145pt.
 [34<./ordered_transformers.png>]
Underfull \hbox (badness 10000) in paragraph at lines 1455--1456
\TU/FreeSerif(0)/m/n/10 The as-sess-ments of the fore-casts which re-sults in th
e or-dered list ([][]\TU/FreeMono(0)/m/it/10 src.forecast.assess.
 []

<forecasts_assessment.png, id=565, 917.391pt x 329.157pt>
File: forecasts_assessment.png Graphic file (type png)
<use forecasts_assessment.png>
Package luatex.def Info: forecasts_assessment.png  used on input line 1458.
(luatex.def)             Requested size: 419.75127pt x 150.61044pt.

Underfull \hbox (badness 10000) in paragraph at lines 1463--1465
[]\TU/FreeSerif(0)/m/n/10 The re-sult is stored sep-a-rately in a Snowflake data
base ta-ble ([][]\TU/FreeMono(0)/m/it/10 src.utils.snowflake.
 []

<dashboard.png, id=568, 935.495pt x 444.66125pt>
File: dashboard.png Graphic file (type png)
<use dashboard.png>
Package luatex.def Info: dashboard.png  used on input line 1473.
(luatex.def)             Requested size: 419.75552pt x 199.52577pt.
[35<./forecasts_assessment.png><./dashboard.png>]
<dashboard_min.png, id=582, 898.35625pt x 439.6425pt>
File: dashboard_min.png Graphic file (type png)
<use dashboard_min.png>
Package luatex.def Info: dashboard_min.png  used on input line 1486.
(luatex.def)             Requested size: 419.74638pt x 205.42448pt.
 [36<./dashboard_min.png>]
Underfull \hbox (badness 6825) in paragraph at lines 1514--1518
[]\TU/FreeSerif(0)/m/n/10 The most valu-
 []

<competence.png, id=589, 240.9pt x 112.9821pt>
File: competence.png Graphic file (type png)
<use competence.png>
Package luatex.def Info: competence.png  used on input line 1524.
(luatex.def)             Requested size: 404.09535pt x 189.5414pt.

Overfull \hbox (271.89807pt too wide) in paragraph at lines 1523--1525
[]
 []


Underfull \hbox (badness 10000) in paragraph at lines 1533--1535
[]\TU/FreeSerif(0)/m/n/10 The
 []

[37<./competence.png>] [38]
Chapter 7.
[39

] [40

]
Chapter 8.
[41] [42]
Overfull \hbox (4.28484pt too wide) in paragraph at lines 1890--1892
[]\TU/FreeSerif(0)/m/n/10 [\TU/FreeMono(0)/m/n/10 pd.DataFrame\TU/FreeSerif(0)/
m/n/10 ] base DataFrame with times-tamps/length in ac-cordcor-dance of the sam-p
les
 []


Overfull \hbox (4.28484pt too wide) in paragraph at lines 1918--1920
[]\TU/FreeSerif(0)/m/n/10 [\TU/FreeMono(0)/m/n/10 pd.DataFrame\TU/FreeSerif(0)/
m/n/10 ] base DataFrame with times-tamps/length in ac-cordcor-dance of the sam-p
les
 []


Overfull \hbox (24.36829pt too wide) in paragraph at lines 1957--1960
\TU/FreeSerif(0)/m/n/10 blog/2018/10/09/$[][] … build-facebooks-prophet-in-pym
c3-bayesian-time-series-analyis-with-generalized-additive-models/ 
 []

[43]
Overfull \hbox (208.5883pt too wide) in paragraph at lines 1982--1984
[]\TU/FreeSerif(0)/m/n/10 Based on source: [][]$https://www.ritchievink.com/blog
/2018/10/09/$[][] … build-facebooks-prophet-in-pymc3-bayesian-time-series-anal
yis-with-generalized-additive-models/ 
 []


Overfull \hbox (208.5883pt too wide) in paragraph at lines 2013--2015
[]\TU/FreeSerif(0)/m/n/10 Based on source: [][]$https://www.ritchievink.com/blog
/2018/10/09/$[][] … build-facebooks-prophet-in-pymc3-bayesian-time-series-anal
yis-with-generalized-additive-models/ 
 []

[44] [45] [46] [47] [48]
Underfull \hbox (badness 10000) in paragraph at lines 2672--2672
[]\TU/FreeSerif(0)/m/it/10 se-ries\TU/FreeSerif(0)/m/n/10 , \TU/FreeSerif(0)/m/
it/10 kind='cat-e-gor-i-cal'\TU/FreeSerif(0)/m/n/10 , \TU/FreeSerif(0)/m/it/10 
la-bels=None\TU/FreeSerif(0)/m/n/10 , \TU/FreeSerif(0)/m/it/10 back-wards=False\TU/FreeSerif(0)/m/n/10 ,
 []

[49] [50]
Underfull \hbox (badness 10000) in paragraph at lines 2896--2896
[]\TU/FreeSerif(0)/m/it/10 boxid=None\TU/FreeSerif(0)/m/n/10 , \TU/FreeSerif(0)
/m/it/10 last_pro-cessed=dt.date-
 []

[51] [52] [53] [54] [55



] (./sparkproject.ind [56


]
Underfull \hbox (badness 10000) in paragraph at lines 16--17
[]\TU/FreeMono(0)/m/n/10 clear_fore-cast_meta() \TU/FreeSerif(0)/m/n/10 (\TU/Fr
eeSerif(0)/m/it/10 in mod-ule
 []


Underfull \hbox (badness 10000) in paragraph at lines 21--22
[]\TU/FreeMono(0)/m/n/10 cre-ate_dash-board() \TU/FreeSerif(0)/m/n/10 (\TU/Free
Serif(0)/m/it/10 in mod-ule src.plot.dash-
 []


Underfull \hbox (badness 10000) in paragraph at lines 23--24
[]\TU/FreeMono(0)/m/n/10 cre-ate_ta-ble_query() \TU/FreeSerif(0)/m/n/10 (\TU/Fr
eeSerif(0)/m/it/10 in mod-ule
 []


Underfull \hbox (badness 10000) in paragraph at lines 24--25
[]\TU/FreeMono(0)/m/n/10 cre-ate_week_ex-tremes() \TU/FreeSerif(0)/m/n/10 (\TU/
FreeSerif(0)/m/it/10 in mod-ule
 []


Underfull \hbox (badness 10000) in paragraph at lines 30--31
[]\TU/FreeMono(0)/m/n/10 de-ter-mine_es-ti-mates() \TU/FreeSerif(0)/m/n/10 (\TU
/FreeSerif(0)/m/it/10 in mod-ule src.fore-
 []


Underfull \hbox (badness 10000) in paragraph at lines 31--32
[]\TU/FreeMono(0)/m/n/10 de-ter-mine_es-ti-mates_min-max() \TU/FreeSerif(0)/m/n
/10 (\TU/FreeSerif(0)/m/it/10 in mod-ule
 []


Underfull \hbox (badness 10000) in paragraph at lines 47--48
[]\TU/FreeMono(0)/m/n/10 for-mat_con-nec-tion() \TU/FreeSerif(0)/m/n/10 (\TU/Fr
eeSerif(0)/m/it/10 in mod-ule
 []


Underfull \hbox (badness 10000) in paragraph at lines 52--53
[]\TU/FreeMono(0)/m/n/10 for-mat_model_es-ti-mates() \TU/FreeSerif(0)/m/n/10 (\
TU/FreeSerif(0)/m/it/10 in mod-ule
 []


Underfull \hbox (badness 10000) in paragraph at lines 58--59
[]\TU/FreeMono(0)/m/n/10 get_fore-casted_box-ids() \TU/FreeSerif(0)/m/n/10 (\TU
/FreeSerif(0)/m/it/10 in mod-ule
 []


Underfull \hbox (badness 10000) in paragraph at lines 59--60
[]\TU/FreeMono(0)/m/n/10 get_last_pro-cessed_time() \TU/FreeSerif(0)/m/n/10 (\T
U/FreeSerif(0)/m/it/10 in mod-ule
 []


Underfull \hbox (badness 10000) in paragraph at lines 68--69
[]\TU/FreeMono(0)/m/n/10 in-sert_ta-ble_query() \TU/FreeSerif(0)/m/n/10 (\TU/Fr
eeSerif(0)/m/it/10 in mod-ule
 []


Underfull \hbox (badness 10000) in paragraph at lines 69--70
[]\TU/FreeMono(0)/m/n/10 in-verse_trans-form() \TU/FreeSerif(0)/m/n/10 (\TU/Fre
eSerif(0)/m/it/10 src.utils.pre-pro-cess.Min-
 []


Underfull \hbox (badness 10000) in paragraph at lines 87--88
[]\TU/FreeMono(0)/m/n/10 make_fore-casts() \TU/FreeSerif(0)/m/n/10 (\TU/FreeSer
if(0)/m/it/10 in mod-ule src.fore-
 []


Underfull \hbox (badness 10000) in paragraph at lines 89--90
[]\TU/FreeMono(0)/m/n/10 make_week_ex-tremes_query() \TU/FreeSerif(0)/m/n/10 (\
TU/FreeSerif(0)/m/it/10 in mod-ule
 []

[57

]
Underfull \hbox (badness 10000) in paragraph at lines 131--132
[]\TU/FreeMono(0)/m/n/10 read_fore-cast_meta() \TU/FreeSerif(0)/m/n/10 (\TU/Fre
eSerif(0)/m/it/10 in mod-ule
 []


Underfull \hbox (badness 10000) in paragraph at lines 134--135
[]\TU/FreeMono(0)/m/n/10 read_week_ex-tremes() \TU/FreeSerif(0)/m/n/10 (\TU/Fre
eSerif(0)/m/it/10 in mod-ule
 []


Underfull \hbox (badness 10000) in paragraph at lines 190--191
[]\TU/FreeMono(0)/m/n/10 trans-form() \TU/FreeSerif(0)/m/n/10 (\TU/FreeSerif(0)
/m/it/10 src.utils.pre-pro-cess.Min-MaxS-caler
 []


Underfull \hbox (badness 10000) in paragraph at lines 195--196
[]\TU/FreeMono(0)/m/n/10 up-date_week_ex-tremes() \TU/FreeSerif(0)/m/n/10 (\TU/
FreeSerif(0)/m/it/10 in mod-ule
 []


Underfull \hbox (badness 10000) in paragraph at lines 200--201
[]\TU/FreeMono(0)/m/n/10 write_fore-cast_meta() \TU/FreeSerif(0)/m/n/10 (\TU/Fr
eeSerif(0)/m/it/10 in mod-ule
 []

[58] [59

])
The property list \polyglossia@langsetup contains the pairs (without outer
braces):
>  {latex/script}  =>  {latin}
>  {latex/lcscript}  =>  {latin}
>  {latex/scripttag}  =>  {}
>  {latex/language}  =>  {Latex}
>  {latex/langtag}  =>  {ENG}
>  {latex/bcp47}  =>  {}
>  {latex/hyphennames}  =>  {english}
>  {latex/direction}  =>  {LR}
>  {latex/hyphenmins}  =>  {2,3}
>  {latex/frenchspacing}  =>  {false}
>  {latex/indentfirst}  =>  {false}
>  {latex/fontsetup}  =>  {true}
>  {latex/envname}  =>  {latex}
>  {latex/babelname}  =>  {latex}
>  {latex/localnumeral}  =>  {polyglossia@C@localnumeral}
>  {latex/Localnumeral}  =>  {polyglossia@C@localnumeral}
>  {english/script}  =>  {latin}
>  {english/lcscript}  =>  {latin}
>  {english/scripttag}  =>  {}
>  {english/language}  =>  {English}
>  {english/langtag}  =>  {ENG}
>  {english/bcp47}  =>  {en-US}
>  {english/hyphennames}  =>  {english,american,usenglish,USenglish}
>  {english/direction}  =>  {LR}
>  {english/hyphenmins}  =>  {2,3}
>  {english/frenchspacing}  =>  {false}
>  {english/indentfirst}  =>  {false}
>  {english/fontsetup}  =>  {true}
>  {english/envname}  =>  {english}
>  {english/babelname}  =>  {american}
>  {english/localnumeral}  =>  {polyglossia@C@localnumeral}
>  {english/Localnumeral}  =>  {polyglossia@C@localnumeral}.
 (./sparkproject.aux
LaTeX Info: Redefining \rmfamily on input line 19.
LaTeX Info: Redefining \sffamily on input line 19.
LaTeX Info: Redefining \ttfamily on input line 19.
)
Package rerunfilecheck Info: File `sparkproject.out' has not changed.
(rerunfilecheck)             Checksum: 1A4BF261E02F48A4711342827ED600A8;5875.
)

Here is how much of LuaTeX's memory you used:
 17617 strings out of 478531
 156310,953878 words of node,token memory allocated
 704 words of node memory still in use:
   6 hlist, 2 vlist, 2 rule, 3 glue, 4 kern, 1 glyph, 26 attribute, 66 glue_spec
, 26 attribute_list, 2 write, 10 pdf_action nodes
   avail lists: 1:13,2:1099,3:531,4:333,5:2729,6:267,7:6526,8:134,9:752,10:34,11
:396,12:4
 36206 multiletter control sequences out of 65536+600000
 108 fonts using 72098455 bytes
 83i,16n,85p,653b,695s stack positions out of 5000i,500n,10000p,200000b,80000s
</usr/local/texlive/2021/texmf-dist/fonts/opentype/public/gnu-freefont/FreeMonoB
old.otf></usr/local/texlive/2021/texmf-dist/fonts/opentype/public/gnu-freefont/F
reeSerifItalic.otf></usr/local/texlive/2021/texmf-dist/fonts/opentype/public/gnu
-freefont/FreeMonoOblique.otf></usr/local/texlive/2021/texmf-dist/fonts/opentype
/public/gnu-freefont/FreeSans.otf></usr/local/texlive/2021/texmf-dist/fonts/open
type/public/gnu-freefont/FreeMono.otf></usr/local/texlive/2021/texmf-dist/fonts/
opentype/public/gnu-freefont/FreeSerif.otf></usr/local/texlive/2021/texmf-dist/f
onts/opentype/public/gnu-freefont/FreeSerifBold.otf></usr/local/texlive/2021/tex
mf-dist/fonts/opentype/public/gnu-freefont/FreeSansBoldOblique.otf></usr/local/t
exlive/2021/texmf-dist/fonts/opentype/public/gnu-freefont/FreeSansBold.otf></usr
/local/texlive/2021/texmf-dist/fonts/type1/public/amsfonts/cm/cmmi10.pfb></usr/l
ocal/texlive/2021/texmf-dist/fonts/type1/public/amsfonts/cm/cmmi7.pfb></usr/loca
l/texlive/2021/texmf-dist/fonts/type1/public/amsfonts/cm/cmr10.pfb></usr/local/t
exlive/2021/texmf-dist/fonts/type1/public/amsfonts/cm/cmr7.pfb></usr/local/texli
ve/2021/texmf-dist/fonts/type1/public/amsfonts/cm/cmsy10.pfb>
Output written on sparkproject.pdf (63 pages, 5764179 bytes).

PDF statistics: 1083 PDF objects out of 1200 (max. 8388607)
 916 compressed objects within 10 object streams
 266 named destinations out of 1000 (max. 131072)
 365 words of extra memory for PDF output out of 10000 (max. 100000000)

